Tue Jul 17 2018 23:50:53 GMT+0530 (India Standard Time): GET: /about
Tue Jul 17 2018 23:51:00 GMT+0530 (India Standard Time): GET: /product
Tue Jul 17 2018 23:51:48 GMT+0530 (India Standard Time): GET: /about
Wed Jul 18 2018 00:06:03 GMT+0530 (India Standard Time): GET: /about
Wed Jul 18 2018 00:06:12 GMT+0530 (India Standard Time): GET: /about
Wed Jul 18 2018 00:06:58 GMT+0530 (India Standard Time): GET: /
Wed Jul 18 2018 00:07:11 GMT+0530 (India Standard Time): GET: /
Wed Jul 18 2018 00:07:13 GMT+0530 (India Standard Time): GET: /
Wed Jul 18 2018 00:07:15 GMT+0530 (India Standard Time): GET: /
Wed Jul 18 2018 00:07:19 GMT+0530 (India Standard Time): GET: /about
Wed Jul 18 2018 00:09:18 GMT+0530 (India Standard Time): GET: /about
Wed Jul 18 2018 00:09:27 GMT+0530 (India Standard Time): GET: /product
Wed Jul 18 2018 00:11:44 GMT+0530 (India Standard Time): GET: /product
Wed Jul 18 2018 00:12:35 GMT+0530 (India Standard Time): GET: /product
Wed Jul 18 2018 00:12:46 GMT+0530 (India Standard Time): GET: /
Wed Jul 18 2018 12:58:43 GMT+0530 (India Standard Time): /product: GET
Wed Jul 18 2018 12:58:47 GMT+0530 (India Standard Time): /about: GET
Thu Jul 19 2018 00:16:38 GMT+0530 (India Standard Time): GET: /about
Thu Jul 19 2018 00:16:42 GMT+0530 (India Standard Time): GET: /
Thu Jul 19 2018 00:30:11 GMT+0530 (India Standard Time): GET: /
